[2025-09-25-00-08-15-[INFO]:] 程序开始运行
[2025-09-25-00-08-15-[INFO]:] 已经完成日志系统加载
[2025-09-25-00-08-15-[INFO]:] 尝试初始化用户数据
[2025-09-25-00-08-15-[INFO]:] 读取到的数据：Log=F:\c#2\test\x64\Debug\log, JSON=F:\c#2\test\x64\Debug\json\1.json, 次数=1, 对象=微信
[2025-09-25-00-08-18-[INFO]:] 得到的句柄329758
[2025-09-25-00-08-18-[INFO]:] GetWindowThreadProcessId得到的PID：18356
[2025-09-25-00-08-18-[INFO]:] 已经成功设定窗口可以置顶
[2025-09-25-00-08-18-[INFO]:] 已执行窗口数据获取
[2025-09-25-00-08-18-[INFO]:] 开始数据发送
[2025-09-25-00-08-18-[INFO]:] SetForegroundWindow成功置顶窗口
[2025-09-25-00-08-18-[INFO]:] 进行激活窗口
[2025-09-25-00-08-21-[ERROR]:] GetWindowRect函数出现错误，请检查逻辑
[2025-09-25-00-08-26-[INFO]:] 得到的句柄329758
[2025-09-25-00-08-26-[INFO]:] GetWindowThreadProcessId得到的PID：18356
[2025-09-25-00-08-26-[INFO]:] 已经成功设定窗口可以置顶
[2025-09-25-00-08-26-[INFO]:] 已执行窗口数据获取
[2025-09-25-00-08-26-[INFO]:] 开始数据发送
[2025-09-25-00-08-26-[INFO]:] SetForegroundWindow成功置顶窗口
[2025-09-25-00-08-26-[INFO]:] 进行激活窗口
[2025-09-25-00-08-30-[ERROR]:] GetWindowRect函数出现错误，请检查逻辑
