[2025-09-25-00-11-11-[INFO]:] 程序开始运行
[2025-09-25-00-11-11-[INFO]:] 已经完成日志系统加载
[2025-09-25-00-11-11-[INFO]:] 尝试初始化用户数据
[2025-09-25-00-11-11-[INFO]:] 读取到的数据：Log=F:\c#2\test\x64\Debug\log, JSON=F:\c#2\test\x64\Debug\json\1.json, 次数=1, 对象=微信
[2025-09-25-00-11-22-[INFO]:] 得到的句柄329758
[2025-09-25-00-11-22-[INFO]:] GetWindowThreadProcessId得到的PID：18356
[2025-09-25-00-11-22-[INFO]:] 已经成功设定窗口可以置顶
[2025-09-25-00-11-22-[INFO]:] 已执行窗口数据获取
[2025-09-25-00-11-22-[INFO]:] 开始数据发送
[2025-09-25-00-11-22-[INFO]:] SetForegroundWindow成功置顶窗口
[2025-09-25-00-11-22-[INFO]:] 进行激活窗口
[2025-09-25-00-11-22-[INFO]:] 窗口数据.Right:2359窗口数据.Left:2059窗口数据.Bottom:1381窗口数据.Top:1253
[2025-09-25-00-11-22-[INFO]:] 窗口尺寸 宽度: 300, 高度: 128
[2025-09-25-00-11-22-[INFO]:] 得到的点击位置 x轴2209 y轴1368
[2025-09-25-00-11-22-[INFO]:] 用户的屏幕分辨率为 witd：5120 hight：1440
[2025-09-25-00-11-22-[INFO]:] 发送信息完毕
[2025-09-25-00-11-51-[INFO]:] 得到的句柄329758
[2025-09-25-00-11-51-[INFO]:] GetWindowThreadProcessId得到的PID：18356
[2025-09-25-00-11-51-[INFO]:] 已经成功设定窗口可以置顶
[2025-09-25-00-11-51-[INFO]:] 已执行窗口数据获取
[2025-09-25-00-11-51-[INFO]:] 开始数据发送
[2025-09-25-00-11-51-[INFO]:] SetForegroundWindow成功置顶窗口
[2025-09-25-00-11-51-[INFO]:] 进行激活窗口
[2025-09-25-00-11-51-[INFO]:] 窗口数据.Right:2359窗口数据.Left:2059窗口数据.Bottom:1381窗口数据.Top:1253
[2025-09-25-00-11-51-[INFO]:] 窗口尺寸 宽度: 300, 高度: 128
[2025-09-25-00-11-51-[INFO]:] 得到的点击位置 x轴2209 y轴1368
[2025-09-25-00-11-51-[INFO]:] 用户的屏幕分辨率为 witd：5120 hight：1440
[2025-09-25-00-11-51-[INFO]:] 发送信息完毕
[2025-09-25-00-11-54-[INFO]:] 得到的句柄329758
[2025-09-25-00-11-54-[INFO]:] GetWindowThreadProcessId得到的PID：18356
[2025-09-25-00-11-54-[INFO]:] 已经成功设定窗口可以置顶
[2025-09-25-00-11-54-[INFO]:] 已执行窗口数据获取
[2025-09-25-00-11-54-[INFO]:] 开始数据发送
[2025-09-25-00-11-54-[INFO]:] SetForegroundWindow成功置顶窗口
[2025-09-25-00-11-54-[INFO]:] 进行激活窗口
[2025-09-25-00-11-54-[INFO]:] 窗口数据.Right:2359窗口数据.Left:2059窗口数据.Bottom:1381窗口数据.Top:1253
[2025-09-25-00-11-54-[INFO]:] 窗口尺寸 宽度: 300, 高度: 128
[2025-09-25-00-11-54-[INFO]:] 得到的点击位置 x轴2209 y轴1368
[2025-09-25-00-11-54-[INFO]:] 用户的屏幕分辨率为 witd：5120 hight：1440
[2025-09-25-00-11-55-[INFO]:] 发送信息完毕
[2025-09-25-00-12-09-[INFO]:] 得到的句柄329758
[2025-09-25-00-12-09-[INFO]:] GetWindowThreadProcessId得到的PID：18356
[2025-09-25-00-12-09-[INFO]:] 已经成功设定窗口可以置顶
[2025-09-25-00-12-09-[INFO]:] 已执行窗口数据获取
[2025-09-25-00-12-09-[INFO]:] 开始数据发送
[2025-09-25-00-12-09-[INFO]:] SetForegroundWindow成功置顶窗口
[2025-09-25-00-12-09-[INFO]:] 进行激活窗口
[2025-09-25-00-12-09-[INFO]:] 窗口数据.Right:2359窗口数据.Left:2059窗口数据.Bottom:1381窗口数据.Top:1253
[2025-09-25-00-12-09-[INFO]:] 窗口尺寸 宽度: 300, 高度: 128
[2025-09-25-00-12-09-[INFO]:] 得到的点击位置 x轴2209 y轴1368
[2025-09-25-00-12-09-[INFO]:] 用户的屏幕分辨率为 witd：5120 hight：1440
[2025-09-25-00-12-09-[INFO]:] 发送信息完毕
[2025-09-25-00-12-26-[INFO]:] 得到的句柄329758
[2025-09-25-00-12-26-[INFO]:] GetWindowThreadProcessId得到的PID：18356
[2025-09-25-00-12-26-[INFO]:] 已经成功设定窗口可以置顶
[2025-09-25-00-12-26-[INFO]:] 已执行窗口数据获取
[2025-09-25-00-12-26-[INFO]:] 开始数据发送
[2025-09-25-00-12-26-[INFO]:] SetForegroundWindow成功置顶窗口
[2025-09-25-00-12-26-[INFO]:] 进行激活窗口
[2025-09-25-00-12-26-[INFO]:] 窗口数据.Right:2359窗口数据.Left:2059窗口数据.Bottom:1381窗口数据.Top:1253
[2025-09-25-00-12-26-[INFO]:] 窗口尺寸 宽度: 300, 高度: 128
[2025-09-25-00-12-26-[INFO]:] 得到的点击位置 x轴2209 y轴1368
[2025-09-25-00-12-26-[INFO]:] 用户的屏幕分辨率为 witd：5120 hight：1440
[2025-09-25-00-12-26-[INFO]:] 发送信息完毕
[2025-09-25-00-14-53-[INFO]:] 得到的句柄329758
[2025-09-25-00-14-53-[INFO]:] GetWindowThreadProcessId得到的PID：18356
[2025-09-25-00-14-53-[INFO]:] 已经成功设定窗口可以置顶
[2025-09-25-00-14-53-[INFO]:] 已执行窗口数据获取
[2025-09-25-00-14-53-[INFO]:] 开始数据发送
[2025-09-25-00-14-53-[INFO]:] SetForegroundWindow成功置顶窗口
[2025-09-25-00-14-53-[INFO]:] 进行激活窗口
[2025-09-25-00-14-53-[INFO]:] 窗口数据.Right:2359窗口数据.Left:2059窗口数据.Bottom:1381窗口数据.Top:1253
[2025-09-25-00-14-53-[INFO]:] 窗口尺寸 宽度: 300, 高度: 128
[2025-09-25-00-14-53-[INFO]:] 得到的点击位置 x轴2209 y轴1368
[2025-09-25-00-14-53-[INFO]:] 用户的屏幕分辨率为 witd：5120 hight：1440
[2025-09-25-00-14-53-[INFO]:] 发送信息完毕
[2025-09-25-00-15-14-[INFO]:] 用户代开了readme
[2025-09-25-00-15-14-[INFO]:] 当前打开文件为F:\c#2\test\x64\Debug\固定信息\readme.html
[2025-09-25-00-15-29-[INFO]:] 写入的userkill_obj 222.txt
userjson的usersend_num 1
iuserjson的log位置F:\c#2\test\x64\Debug\log
userjson的json文件位置F:\c#2\test\x64\Debug\json\1.json
